2025-11-21 11:36:13,632 - WARNING - System initialized
2025-11-21 11:36:13,936 - WARNING - Loaded 2 guards
2025-11-21 11:39:14,656 - WARNING - Tracking initialized for 2 targets.
2025-11-21 11:40:04,007 - WARNING - Tracking initialized for 2 targets.
2025-11-21 11:40:16,259 - WARNING - Camera 1 started successfully
2025-11-21 11:43:05,302 - WARNING - Loaded 2 guards
2025-11-21 11:43:06,634 - WARNING - Loaded 2 guards
2025-11-21 11:43:08,673 - WARNING - Loaded 2 guards
2025-11-21 11:43:11,460 - WARNING - Loaded 2 guards
2025-11-21 11:43:55,946 - WARNING - Loaded 2 guards
2025-11-21 11:45:34,835 - WARNING - Initiating graceful shutdown...
2025-11-21 11:45:35,331 - WARNING - Shutdown complete
2025-11-21 11:55:14,317 - WARNING - System initialized
2025-11-21 11:55:14,989 - WARNING - Loaded 2 guards
2025-11-21 11:55:39,368 - WARNING - Camera 1 started successfully
2025-11-21 11:55:48,660 - WARNING - Tracking initialized for 2 targets (Pose Buffer: 12 frames).
2025-11-21 12:02:09,982 - WARNING - Initiating graceful shutdown...
2025-11-21 12:02:10,506 - WARNING - Shutdown complete
2025-11-21 12:13:24,034 - WARNING - System initialized
2025-11-21 12:13:24,663 - WARNING - Loaded 2 guards
2025-11-21 12:16:10,889 - WARNING - Initiating graceful shutdown...
2025-11-21 12:16:11,073 - WARNING - Shutdown complete
2025-11-21 12:39:40,860 - WARNING - System initialized
2025-11-21 12:41:32,688 - WARNING - System initialized
2025-11-21 12:41:33,793 - WARNING - Loaded 2 guards
2025-11-21 12:41:38,654 - WARNING - Initiating graceful shutdown...
2025-11-21 12:41:38,852 - WARNING - Shutdown complete
2025-11-21 12:42:18,625 - WARNING - System initialized
2025-11-21 12:42:19,542 - WARNING - Loaded 2 guards
2025-11-21 12:42:42,561 - WARNING - Camera 1 started successfully
2025-11-21 12:42:59,553 - WARNING - Initiating graceful shutdown...
2025-11-21 12:43:00,053 - WARNING - Shutdown complete
2025-11-21 12:43:09,475 - WARNING - System initialized
2025-11-21 12:43:10,458 - WARNING - Loaded 2 guards
2025-11-21 12:43:30,918 - WARNING - Tracking initialized for 2 targets (Pose Buffer: 12 frames).
2025-11-21 12:43:48,094 - WARNING - Camera 1 started successfully
2025-11-21 12:46:20,754 - WARNING - Tracking initialized for 1 targets (Pose Buffer: 12 frames).
2025-11-21 12:49:05,451 - WARNING - Loaded 2 guards
2025-11-21 12:49:26,411 - WARNING - Tracking initialized for 1 targets (Pose Buffer: 12 frames).
2025-11-21 12:50:37,478 - WARNING - Loaded 1 guards
2025-11-21 12:50:37,490 - WARNING - Guard removed: rudresh (Face image (profiles), Pose references, Active tracking)
2025-11-21 12:50:42,162 - WARNING - Alert mode started - logging enabled
2025-11-21 12:50:42,824 - WARNING - Alert mode stopped - logging saved
2025-11-21 12:50:52,862 - WARNING - Loaded 1 guards
2025-11-21 12:52:57,889 - WARNING - Pose references saved for rudresh at pose_references\rudresh_poses.json
2025-11-21 12:52:57,890 - WARNING - Loaded 2 guards
2025-11-21 12:53:17,496 - WARNING - Tracking initialized for 1 targets (Pose Buffer: 12 frames).
2025-11-21 12:53:17,814 - WARNING - Feature extraction error: operands could not be broadcast together with shapes (24,) (16,) 
2025-11-21 12:53:18,198 - WARNING - Feature extraction error: operands could not be broadcast together with shapes (24,) (16,) 
2025-11-21 12:53:18,576 - WARNING - Feature extraction error: operands could not be broadcast together with shapes (24,) (16,) 
2025-11-21 12:53:18,577 - WARNING - Feature extraction error: operands could not be broadcast together with shapes (24,) (16,) 
2025-11-21 12:53:18,941 - WARNING - Feature extraction error: operands could not be broadcast together with shapes (24,) (16,) 
2025-11-21 12:53:18,943 - WARNING - Feature extraction error: operands could not be broadcast together with shapes (24,) (16,) 
2025-11-21 12:53:19,325 - WARNING - Feature extraction error: operands could not be broadcast together with shapes (24,) (16,) 
2025-11-21 12:53:19,326 - WARNING - Feature extraction error: operands could not be broadcast together with shapes (24,) (16,) 
2025-11-21 12:53:19,689 - WARNING - Feature extraction error: operands could not be broadcast together with shapes (24,) (16,) 
2025-11-21 12:53:19,690 - WARNING - Feature extraction error: operands could not be broadcast together with shapes (24,) (16,) 
2025-11-21 12:53:21,123 - WARNING - Feature extraction error: operands could not be broadcast together with shapes (24,) (16,) 
2025-11-21 12:53:21,124 - WARNING - Feature extraction error: operands could not be broadcast together with shapes (24,) (16,) 
2025-11-21 12:53:21,916 - WARNING - Feature extraction error: operands could not be broadcast together with shapes (24,) (16,) 
2025-11-21 12:53:22,303 - WARNING - Feature extraction error: operands could not be broadcast together with shapes (24,) (16,) 
2025-11-21 12:53:22,666 - WARNING - Feature extraction error: operands could not be broadcast together with shapes (24,) (16,) 
2025-11-21 12:53:23,892 - WARNING - Feature extraction error: operands could not be broadcast together with shapes (24,) (16,) 
2025-11-21 12:53:24,277 - WARNING - Feature extraction error: operands could not be broadcast together with shapes (24,) (16,) 
2025-11-21 12:53:24,641 - WARNING - Feature extraction error: operands could not be broadcast together with shapes (24,) (16,) 
2025-11-21 12:53:25,025 - WARNING - Feature extraction error: operands could not be broadcast together with shapes (24,) (16,) 
2025-11-21 12:53:25,026 - WARNING - Feature extraction error: operands could not be broadcast together with shapes (24,) (16,) 
2025-11-21 12:53:25,405 - WARNING - Feature extraction error: operands could not be broadcast together with shapes (24,) (16,) 
2025-11-21 12:53:25,406 - WARNING - Feature extraction error: operands could not be broadcast together with shapes (24,) (16,) 
2025-11-21 12:53:25,790 - WARNING - Feature extraction error: operands could not be broadcast together with shapes (24,) (16,) 
2025-11-21 12:53:26,164 - WARNING - Feature extraction error: operands could not be broadcast together with shapes (24,) (16,) 
2025-11-21 12:53:26,560 - WARNING - Feature extraction error: operands could not be broadcast together with shapes (24,) (16,) 
2025-11-21 12:53:26,936 - WARNING - Feature extraction error: operands could not be broadcast together with shapes (24,) (16,) 
2025-11-21 12:53:27,635 - WARNING - Feature extraction error: operands could not be broadcast together with shapes (24,) (16,) 
2025-11-21 12:53:27,636 - WARNING - Feature extraction error: operands could not be broadcast together with shapes (24,) (16,) 
2025-11-21 12:53:28,007 - WARNING - Feature extraction error: operands could not be broadcast together with shapes (24,) (16,) 
2025-11-21 12:53:28,008 - WARNING - Feature extraction error: operands could not be broadcast together with shapes (24,) (16,) 
2025-11-21 12:53:28,385 - WARNING - Feature extraction error: operands could not be broadcast together with shapes (24,) (16,) 
2025-11-21 12:53:28,386 - WARNING - Feature extraction error: operands could not be broadcast together with shapes (24,) (16,) 
2025-11-21 12:53:28,767 - WARNING - Feature extraction error: operands could not be broadcast together with shapes (24,) (16,) 
2025-11-21 12:53:28,768 - WARNING - Feature extraction error: operands could not be broadcast together with shapes (24,) (16,) 
2025-11-21 12:53:29,147 - WARNING - Feature extraction error: operands could not be broadcast together with shapes (24,) (16,) 
2025-11-21 12:53:29,148 - WARNING - Feature extraction error: operands could not be broadcast together with shapes (24,) (16,) 
2025-11-21 12:53:29,521 - WARNING - Feature extraction error: operands could not be broadcast together with shapes (24,) (16,) 
2025-11-21 12:53:29,527 - WARNING - Feature extraction error: operands could not be broadcast together with shapes (24,) (16,) 
2025-11-21 12:53:29,911 - WARNING - Feature extraction error: operands could not be broadcast together with shapes (24,) (16,) 
2025-11-21 12:53:29,912 - WARNING - Feature extraction error: operands could not be broadcast together with shapes (24,) (16,) 
2025-11-21 12:53:30,290 - WARNING - Feature extraction error: operands could not be broadcast together with shapes (24,) (16,) 
2025-11-21 12:53:30,291 - WARNING - Feature extraction error: operands could not be broadcast together with shapes (24,) (16,) 
2025-11-21 12:53:30,655 - WARNING - Feature extraction error: operands could not be broadcast together with shapes (24,) (16,) 
2025-11-21 12:53:30,656 - WARNING - Feature extraction error: operands could not be broadcast together with shapes (24,) (16,) 
2025-11-21 12:53:31,036 - WARNING - Feature extraction error: operands could not be broadcast together with shapes (24,) (16,) 
2025-11-21 12:53:31,037 - WARNING - Feature extraction error: operands could not be broadcast together with shapes (24,) (16,) 
2025-11-21 12:53:31,404 - WARNING - Feature extraction error: operands could not be broadcast together with shapes (24,) (16,) 
2025-11-21 12:53:31,405 - WARNING - Feature extraction error: operands could not be broadcast together with shapes (24,) (16,) 
2025-11-21 12:53:31,784 - WARNING - Feature extraction error: operands could not be broadcast together with shapes (24,) (16,) 
2025-11-21 12:53:31,785 - WARNING - Feature extraction error: operands could not be broadcast together with shapes (24,) (16,) 
2025-11-21 12:53:32,163 - WARNING - Feature extraction error: operands could not be broadcast together with shapes (24,) (16,) 
2025-11-21 12:53:32,164 - WARNING - Feature extraction error: operands could not be broadcast together with shapes (24,) (16,) 
2025-11-21 12:53:32,525 - WARNING - Feature extraction error: operands could not be broadcast together with shapes (24,) (16,) 
2025-11-21 12:53:32,526 - WARNING - Feature extraction error: operands could not be broadcast together with shapes (24,) (16,) 
2025-11-21 12:53:32,915 - WARNING - Feature extraction error: operands could not be broadcast together with shapes (24,) (16,) 
2025-11-21 12:53:32,916 - WARNING - Feature extraction error: operands could not be broadcast together with shapes (24,) (16,) 
2025-11-21 12:53:33,299 - WARNING - Feature extraction error: operands could not be broadcast together with shapes (24,) (16,) 
2025-11-21 12:53:33,301 - WARNING - Feature extraction error: operands could not be broadcast together with shapes (24,) (16,) 
2025-11-21 12:53:33,681 - WARNING - Feature extraction error: operands could not be broadcast together with shapes (24,) (16,) 
2025-11-21 12:53:33,683 - WARNING - Feature extraction error: operands could not be broadcast together with shapes (24,) (16,) 
2025-11-21 12:53:34,072 - WARNING - Feature extraction error: operands could not be broadcast together with shapes (24,) (16,) 
2025-11-21 12:53:34,074 - WARNING - Feature extraction error: operands could not be broadcast together with shapes (24,) (16,) 
2025-11-21 12:53:34,465 - WARNING - Feature extraction error: operands could not be broadcast together with shapes (24,) (16,) 
2025-11-21 12:53:34,466 - WARNING - Feature extraction error: operands could not be broadcast together with shapes (24,) (16,) 
2025-11-21 12:53:34,840 - WARNING - Feature extraction error: operands could not be broadcast together with shapes (24,) (16,) 
2025-11-21 12:53:34,841 - WARNING - Feature extraction error: operands could not be broadcast together with shapes (24,) (16,) 
2025-11-21 12:53:37,571 - WARNING - Tracking initialized for 1 targets (Pose Buffer: 12 frames).
2025-11-21 12:53:39,253 - WARNING - Feature extraction error: operands could not be broadcast together with shapes (24,) (16,) 
2025-11-21 12:53:42,544 - WARNING - Feature extraction error: operands could not be broadcast together with shapes (24,) (16,) 
2025-11-21 12:53:45,363 - WARNING - Feature extraction error: operands could not be broadcast together with shapes (24,) (16,) 
2025-11-21 12:53:45,743 - WARNING - Feature extraction error: operands could not be broadcast together with shapes (24,) (16,) 
2025-11-21 12:53:46,125 - WARNING - Feature extraction error: operands could not be broadcast together with shapes (24,) (16,) 
2025-11-21 12:53:46,495 - WARNING - Feature extraction error: operands could not be broadcast together with shapes (24,) (16,) 
2025-11-21 12:53:46,879 - WARNING - Feature extraction error: operands could not be broadcast together with shapes (24,) (16,) 
2025-11-21 12:53:47,263 - WARNING - Feature extraction error: operands could not be broadcast together with shapes (24,) (16,) 
2025-11-21 12:53:47,644 - WARNING - Feature extraction error: operands could not be broadcast together with shapes (24,) (16,) 
2025-11-21 12:53:48,037 - WARNING - Feature extraction error: operands could not be broadcast together with shapes (24,) (16,) 
2025-11-21 12:53:48,425 - WARNING - Feature extraction error: operands could not be broadcast together with shapes (24,) (16,) 
2025-11-21 12:53:48,801 - WARNING - Feature extraction error: operands could not be broadcast together with shapes (24,) (16,) 
2025-11-21 12:53:49,152 - WARNING - Feature extraction error: operands could not be broadcast together with shapes (24,) (16,) 
2025-11-21 12:53:49,520 - WARNING - Feature extraction error: operands could not be broadcast together with shapes (24,) (16,) 
2025-11-21 12:53:49,908 - WARNING - Feature extraction error: operands could not be broadcast together with shapes (24,) (16,) 
2025-11-21 12:53:50,287 - WARNING - Feature extraction error: operands could not be broadcast together with shapes (24,) (16,) 
2025-11-21 12:53:50,655 - WARNING - Feature extraction error: operands could not be broadcast together with shapes (24,) (16,) 
2025-11-21 12:53:51,038 - WARNING - Feature extraction error: operands could not be broadcast together with shapes (24,) (16,) 
2025-11-21 12:53:51,428 - WARNING - Feature extraction error: operands could not be broadcast together with shapes (24,) (16,) 
2025-11-21 12:53:51,808 - WARNING - Feature extraction error: operands could not be broadcast together with shapes (24,) (16,) 
2025-11-21 12:53:52,202 - WARNING - Feature extraction error: operands could not be broadcast together with shapes (24,) (16,) 
2025-11-21 12:53:52,573 - WARNING - Feature extraction error: operands could not be broadcast together with shapes (24,) (16,) 
2025-11-21 12:53:52,951 - WARNING - Feature extraction error: operands could not be broadcast together with shapes (24,) (16,) 
2025-11-21 12:53:53,328 - WARNING - Feature extraction error: operands could not be broadcast together with shapes (24,) (16,) 
2025-11-21 12:53:53,690 - WARNING - Feature extraction error: operands could not be broadcast together with shapes (24,) (16,) 
2025-11-21 12:53:54,076 - WARNING - Feature extraction error: operands could not be broadcast together with shapes (24,) (16,) 
2025-11-21 12:53:54,447 - WARNING - Feature extraction error: operands could not be broadcast together with shapes (24,) (16,) 
2025-11-21 12:53:54,826 - WARNING - Feature extraction error: operands could not be broadcast together with shapes (24,) (16,) 
2025-11-21 12:53:55,216 - WARNING - Feature extraction error: operands could not be broadcast together with shapes (24,) (16,) 
2025-11-21 12:53:55,582 - WARNING - Feature extraction error: operands could not be broadcast together with shapes (24,) (16,) 
2025-11-21 12:53:55,963 - WARNING - Feature extraction error: operands could not be broadcast together with shapes (24,) (16,) 
2025-11-21 12:53:56,345 - WARNING - Feature extraction error: operands could not be broadcast together with shapes (24,) (16,) 
2025-11-21 12:53:56,715 - WARNING - Feature extraction error: operands could not be broadcast together with shapes (24,) (16,) 
2025-11-21 12:53:57,111 - WARNING - Feature extraction error: operands could not be broadcast together with shapes (24,) (16,) 
2025-11-21 12:53:57,502 - WARNING - Feature extraction error: operands could not be broadcast together with shapes (24,) (16,) 
2025-11-21 12:53:57,875 - WARNING - Feature extraction error: operands could not be broadcast together with shapes (24,) (16,) 
2025-11-21 12:53:58,252 - WARNING - Feature extraction error: operands could not be broadcast together with shapes (24,) (16,) 
2025-11-21 12:53:58,631 - WARNING - Feature extraction error: operands could not be broadcast together with shapes (24,) (16,) 
2025-11-21 12:53:59,009 - WARNING - Feature extraction error: operands could not be broadcast together with shapes (24,) (16,) 
2025-11-21 12:53:59,388 - WARNING - Feature extraction error: operands could not be broadcast together with shapes (24,) (16,) 
2025-11-21 12:53:59,769 - WARNING - Feature extraction error: operands could not be broadcast together with shapes (24,) (16,) 
2025-11-21 12:54:00,168 - WARNING - Feature extraction error: operands could not be broadcast together with shapes (24,) (16,) 
2025-11-21 12:54:00,548 - WARNING - Feature extraction error: operands could not be broadcast together with shapes (24,) (16,) 
2025-11-21 12:54:00,922 - WARNING - Feature extraction error: operands could not be broadcast together with shapes (24,) (16,) 
2025-11-21 12:54:01,306 - WARNING - Feature extraction error: operands could not be broadcast together with shapes (24,) (16,) 
2025-11-21 12:54:01,686 - WARNING - Feature extraction error: operands could not be broadcast together with shapes (24,) (16,) 
2025-11-21 12:54:02,044 - WARNING - Feature extraction error: operands could not be broadcast together with shapes (24,) (16,) 
2025-11-21 12:54:02,420 - WARNING - Feature extraction error: operands could not be broadcast together with shapes (24,) (16,) 
2025-11-21 12:54:02,790 - WARNING - Feature extraction error: operands could not be broadcast together with shapes (24,) (16,) 
2025-11-21 12:54:03,159 - WARNING - Feature extraction error: operands could not be broadcast together with shapes (24,) (16,) 
2025-11-21 12:54:03,539 - WARNING - Feature extraction error: operands could not be broadcast together with shapes (24,) (16,) 
2025-11-21 12:54:03,905 - WARNING - Feature extraction error: operands could not be broadcast together with shapes (24,) (16,) 
2025-11-21 12:54:04,274 - WARNING - Feature extraction error: operands could not be broadcast together with shapes (24,) (16,) 
2025-11-21 12:54:04,656 - WARNING - Feature extraction error: operands could not be broadcast together with shapes (24,) (16,) 
2025-11-21 12:54:05,029 - WARNING - Feature extraction error: operands could not be broadcast together with shapes (24,) (16,) 
2025-11-21 12:54:05,389 - WARNING - Feature extraction error: operands could not be broadcast together with shapes (24,) (16,) 
2025-11-21 12:54:05,755 - WARNING - Feature extraction error: operands could not be broadcast together with shapes (24,) (16,) 
2025-11-21 12:54:06,123 - WARNING - Feature extraction error: operands could not be broadcast together with shapes (24,) (16,) 
2025-11-21 12:54:06,491 - WARNING - Feature extraction error: operands could not be broadcast together with shapes (24,) (16,) 
2025-11-21 12:54:06,862 - WARNING - Feature extraction error: operands could not be broadcast together with shapes (24,) (16,) 
2025-11-21 12:54:07,240 - WARNING - Feature extraction error: operands could not be broadcast together with shapes (24,) (16,) 
2025-11-21 12:54:08,342 - WARNING - PRO_Detection Mode Stopped on camera close
2025-11-21 12:54:11,525 - WARNING - Loaded 2 guards
2025-11-21 12:54:30,088 - WARNING - Camera 1 started successfully
2025-11-21 12:56:15,543 - WARNING - Tracking initialized for 1 targets (Pose Buffer: 12 frames).
2025-11-21 12:57:05,006 - WARNING - Loaded 1 guards
2025-11-21 12:57:05,014 - WARNING - Guard removed: KD (Face image (profiles), Pose references, Active tracking)
2025-11-21 13:02:00,649 - WARNING - Pose references saved for KD at pose_references\KD_poses.json
2025-11-21 13:02:00,652 - WARNING - Loaded 2 guards
2025-11-21 13:02:19,232 - WARNING - Tracking initialized for 1 targets (Pose Buffer: 12 frames).
2025-11-21 13:02:19,541 - WARNING - Feature extraction error: operands could not be broadcast together with shapes (24,) (16,) 
2025-11-21 13:02:19,543 - WARNING - Feature extraction error: operands could not be broadcast together with shapes (24,) (16,) 
2025-11-21 13:02:19,918 - WARNING - Feature extraction error: operands could not be broadcast together with shapes (24,) (16,) 
2025-11-21 13:02:19,919 - WARNING - Feature extraction error: operands could not be broadcast together with shapes (24,) (16,) 
2025-11-21 13:02:20,282 - WARNING - Feature extraction error: operands could not be broadcast together with shapes (24,) (16,) 
2025-11-21 13:02:20,283 - WARNING - Feature extraction error: operands could not be broadcast together with shapes (24,) (16,) 
2025-11-21 13:02:20,655 - WARNING - Feature extraction error: operands could not be broadcast together with shapes (24,) (16,) 
2025-11-21 13:02:20,656 - WARNING - Feature extraction error: operands could not be broadcast together with shapes (24,) (16,) 
2025-11-21 13:02:21,014 - WARNING - Feature extraction error: operands could not be broadcast together with shapes (24,) (16,) 
2025-11-21 13:02:21,015 - WARNING - Feature extraction error: operands could not be broadcast together with shapes (24,) (16,) 
2025-11-21 13:02:21,348 - WARNING - Feature extraction error: operands could not be broadcast together with shapes (24,) (16,) 
2025-11-21 13:02:21,349 - WARNING - Feature extraction error: operands could not be broadcast together with shapes (24,) (16,) 
2025-11-21 13:02:21,714 - WARNING - Feature extraction error: operands could not be broadcast together with shapes (24,) (16,) 
2025-11-21 13:02:21,715 - WARNING - Feature extraction error: operands could not be broadcast together with shapes (24,) (16,) 
2025-11-21 13:02:22,081 - WARNING - Feature extraction error: operands could not be broadcast together with shapes (24,) (16,) 
2025-11-21 13:02:22,082 - WARNING - Feature extraction error: operands could not be broadcast together with shapes (24,) (16,) 
2025-11-21 13:02:22,443 - WARNING - Feature extraction error: operands could not be broadcast together with shapes (24,) (16,) 
2025-11-21 13:02:22,445 - WARNING - Feature extraction error: operands could not be broadcast together with shapes (24,) (16,) 
2025-11-21 13:02:22,826 - WARNING - Feature extraction error: operands could not be broadcast together with shapes (24,) (16,) 
2025-11-21 13:02:22,827 - WARNING - Feature extraction error: operands could not be broadcast together with shapes (24,) (16,) 
2025-11-21 13:02:23,184 - WARNING - Feature extraction error: operands could not be broadcast together with shapes (24,) (16,) 
2025-11-21 13:02:23,185 - WARNING - Feature extraction error: operands could not be broadcast together with shapes (24,) (16,) 
2025-11-21 13:02:23,530 - WARNING - Feature extraction error: operands could not be broadcast together with shapes (24,) (16,) 
2025-11-21 13:02:23,531 - WARNING - Feature extraction error: operands could not be broadcast together with shapes (24,) (16,) 
2025-11-21 13:02:23,885 - WARNING - Feature extraction error: operands could not be broadcast together with shapes (24,) (16,) 
2025-11-21 13:02:23,886 - WARNING - Feature extraction error: operands could not be broadcast together with shapes (24,) (16,) 
2025-11-21 13:02:24,249 - WARNING - Feature extraction error: operands could not be broadcast together with shapes (24,) (16,) 
2025-11-21 13:02:24,250 - WARNING - Feature extraction error: operands could not be broadcast together with shapes (24,) (16,) 
2025-11-21 13:02:24,594 - WARNING - Feature extraction error: operands could not be broadcast together with shapes (24,) (16,) 
2025-11-21 13:02:24,595 - WARNING - Feature extraction error: operands could not be broadcast together with shapes (24,) (16,) 
2025-11-21 13:02:24,950 - WARNING - Feature extraction error: operands could not be broadcast together with shapes (24,) (16,) 
2025-11-21 13:02:24,952 - WARNING - Feature extraction error: operands could not be broadcast together with shapes (24,) (16,) 
2025-11-21 13:02:25,308 - WARNING - Feature extraction error: operands could not be broadcast together with shapes (24,) (16,) 
2025-11-21 13:02:25,309 - WARNING - Feature extraction error: operands could not be broadcast together with shapes (24,) (16,) 
2025-11-21 13:02:25,663 - WARNING - Feature extraction error: operands could not be broadcast together with shapes (24,) (16,) 
2025-11-21 13:02:25,665 - WARNING - Feature extraction error: operands could not be broadcast together with shapes (24,) (16,) 
2025-11-21 13:02:26,022 - WARNING - Feature extraction error: operands could not be broadcast together with shapes (24,) (16,) 
2025-11-21 13:02:26,024 - WARNING - Feature extraction error: operands could not be broadcast together with shapes (24,) (16,) 
2025-11-21 13:02:26,367 - WARNING - Feature extraction error: operands could not be broadcast together with shapes (24,) (16,) 
2025-11-21 13:02:26,368 - WARNING - Feature extraction error: operands could not be broadcast together with shapes (24,) (16,) 
2025-11-21 13:02:27,779 - WARNING - Feature extraction error: operands could not be broadcast together with shapes (24,) (16,) 
2025-11-21 13:02:27,780 - WARNING - Feature extraction error: operands could not be broadcast together with shapes (24,) (16,) 
2025-11-21 13:02:28,241 - WARNING - Feature extraction error: operands could not be broadcast together with shapes (24,) (16,) 
2025-11-21 13:02:28,242 - WARNING - Feature extraction error: operands could not be broadcast together with shapes (24,) (16,) 
2025-11-21 13:02:28,693 - WARNING - Feature extraction error: operands could not be broadcast together with shapes (24,) (16,) 
2025-11-21 13:02:28,694 - WARNING - Feature extraction error: operands could not be broadcast together with shapes (24,) (16,) 
2025-11-21 13:02:29,134 - WARNING - Feature extraction error: operands could not be broadcast together with shapes (24,) (16,) 
2025-11-21 13:02:29,135 - WARNING - Feature extraction error: operands could not be broadcast together with shapes (24,) (16,) 
2025-11-21 13:02:29,566 - WARNING - Feature extraction error: operands could not be broadcast together with shapes (24,) (16,) 
2025-11-21 13:02:29,567 - WARNING - Feature extraction error: operands could not be broadcast together with shapes (24,) (16,) 
2025-11-21 13:02:29,990 - WARNING - Feature extraction error: operands could not be broadcast together with shapes (24,) (16,) 
2025-11-21 13:02:29,991 - WARNING - Feature extraction error: operands could not be broadcast together with shapes (24,) (16,) 
2025-11-21 13:02:30,432 - WARNING - Feature extraction error: operands could not be broadcast together with shapes (24,) (16,) 
2025-11-21 13:02:30,433 - WARNING - Feature extraction error: operands could not be broadcast together with shapes (24,) (16,) 
2025-11-21 13:02:30,877 - WARNING - Feature extraction error: operands could not be broadcast together with shapes (24,) (16,) 
2025-11-21 13:02:31,270 - WARNING - Feature extraction error: operands could not be broadcast together with shapes (24,) (16,) 
2025-11-21 13:02:31,615 - WARNING - Feature extraction error: operands could not be broadcast together with shapes (24,) (16,) 
2025-11-21 13:02:31,971 - WARNING - Feature extraction error: operands could not be broadcast together with shapes (24,) (16,) 
2025-11-21 13:02:32,352 - WARNING - Feature extraction error: operands could not be broadcast together with shapes (24,) (16,) 
2025-11-21 13:02:32,709 - WARNING - Feature extraction error: operands could not be broadcast together with shapes (24,) (16,) 
2025-11-21 13:02:32,710 - WARNING - Feature extraction error: operands could not be broadcast together with shapes (24,) (16,) 
2025-11-21 13:02:33,065 - WARNING - Feature extraction error: operands could not be broadcast together with shapes (24,) (16,) 
2025-11-21 13:02:33,066 - WARNING - Feature extraction error: operands could not be broadcast together with shapes (24,) (16,) 
2025-11-21 13:02:33,421 - WARNING - Feature extraction error: operands could not be broadcast together with shapes (24,) (16,) 
2025-11-21 13:02:33,422 - WARNING - Feature extraction error: operands could not be broadcast together with shapes (24,) (16,) 
2025-11-21 13:02:33,778 - WARNING - Feature extraction error: operands could not be broadcast together with shapes (24,) (16,) 
2025-11-21 13:02:33,779 - WARNING - Feature extraction error: operands could not be broadcast together with shapes (24,) (16,) 
2025-11-21 13:02:34,128 - WARNING - Feature extraction error: operands could not be broadcast together with shapes (24,) (16,) 
2025-11-21 13:02:34,129 - WARNING - Feature extraction error: operands could not be broadcast together with shapes (24,) (16,) 
2025-11-21 13:02:34,472 - WARNING - Feature extraction error: operands could not be broadcast together with shapes (24,) (16,) 
2025-11-21 13:02:34,473 - WARNING - Feature extraction error: operands could not be broadcast together with shapes (24,) (16,) 
2025-11-21 13:02:34,820 - WARNING - Feature extraction error: operands could not be broadcast together with shapes (24,) (16,) 
2025-11-21 13:02:34,821 - WARNING - Feature extraction error: operands could not be broadcast together with shapes (24,) (16,) 
2025-11-21 13:02:35,164 - WARNING - Feature extraction error: operands could not be broadcast together with shapes (24,) (16,) 
2025-11-21 13:02:35,521 - WARNING - Feature extraction error: operands could not be broadcast together with shapes (24,) (16,) 
2025-11-21 13:02:35,881 - WARNING - Feature extraction error: operands could not be broadcast together with shapes (24,) (16,) 
2025-11-21 13:02:35,882 - WARNING - Feature extraction error: operands could not be broadcast together with shapes (24,) (16,) 
2025-11-21 13:02:36,235 - WARNING - Feature extraction error: operands could not be broadcast together with shapes (24,) (16,) 
2025-11-21 13:02:36,236 - WARNING - Feature extraction error: operands could not be broadcast together with shapes (24,) (16,) 
2025-11-21 13:02:36,593 - WARNING - Feature extraction error: operands could not be broadcast together with shapes (24,) (16,) 
2025-11-21 13:02:36,594 - WARNING - Feature extraction error: operands could not be broadcast together with shapes (24,) (16,) 
2025-11-21 13:02:36,940 - WARNING - Feature extraction error: operands could not be broadcast together with shapes (24,) (16,) 
2025-11-21 13:02:36,942 - WARNING - Feature extraction error: operands could not be broadcast together with shapes (24,) (16,) 
2025-11-21 13:02:37,290 - WARNING - Feature extraction error: operands could not be broadcast together with shapes (24,) (16,) 
2025-11-21 13:02:37,291 - WARNING - Feature extraction error: operands could not be broadcast together with shapes (24,) (16,) 
2025-11-21 13:02:37,635 - WARNING - Feature extraction error: operands could not be broadcast together with shapes (24,) (16,) 
2025-11-21 13:02:37,636 - WARNING - Feature extraction error: operands could not be broadcast together with shapes (24,) (16,) 
2025-11-21 13:02:37,978 - WARNING - Feature extraction error: operands could not be broadcast together with shapes (24,) (16,) 
2025-11-21 13:02:37,980 - WARNING - Feature extraction error: operands could not be broadcast together with shapes (24,) (16,) 
2025-11-21 13:02:38,333 - WARNING - Feature extraction error: operands could not be broadcast together with shapes (24,) (16,) 
2025-11-21 13:02:38,334 - WARNING - Feature extraction error: operands could not be broadcast together with shapes (24,) (16,) 
2025-11-21 13:02:38,680 - WARNING - Feature extraction error: operands could not be broadcast together with shapes (24,) (16,) 
2025-11-21 13:02:38,682 - WARNING - Feature extraction error: operands could not be broadcast together with shapes (24,) (16,) 
2025-11-21 13:02:39,048 - WARNING - Feature extraction error: operands could not be broadcast together with shapes (24,) (16,) 
2025-11-21 13:02:39,050 - WARNING - Feature extraction error: operands could not be broadcast together with shapes (24,) (16,) 
2025-11-21 13:02:39,432 - WARNING - Feature extraction error: operands could not be broadcast together with shapes (24,) (16,) 
2025-11-21 13:02:39,433 - WARNING - Feature extraction error: operands could not be broadcast together with shapes (24,) (16,) 
2025-11-21 13:02:39,787 - WARNING - Feature extraction error: operands could not be broadcast together with shapes (24,) (16,) 
2025-11-21 13:02:39,789 - WARNING - Feature extraction error: operands could not be broadcast together with shapes (24,) (16,) 
2025-11-21 13:02:40,144 - WARNING - Feature extraction error: operands could not be broadcast together with shapes (24,) (16,) 
2025-11-21 13:02:40,145 - WARNING - Feature extraction error: operands could not be broadcast together with shapes (24,) (16,) 
2025-11-21 13:02:40,506 - WARNING - Feature extraction error: operands could not be broadcast together with shapes (24,) (16,) 
2025-11-21 13:02:40,507 - WARNING - Feature extraction error: operands could not be broadcast together with shapes (24,) (16,) 
2025-11-21 13:02:40,865 - WARNING - Feature extraction error: operands could not be broadcast together with shapes (24,) (16,) 
2025-11-21 13:02:40,866 - WARNING - Feature extraction error: operands could not be broadcast together with shapes (24,) (16,) 
2025-11-21 13:02:40,895 - WARNING - Loaded 2 guards
2025-11-21 13:02:41,202 - WARNING - Feature extraction error: operands could not be broadcast together with shapes (24,) (16,) 
2025-11-21 13:02:41,204 - WARNING - Feature extraction error: operands could not be broadcast together with shapes (24,) (16,) 
2025-11-21 13:02:41,577 - WARNING - Feature extraction error: operands could not be broadcast together with shapes (24,) (16,) 
2025-11-21 13:02:41,579 - WARNING - Feature extraction error: operands could not be broadcast together with shapes (24,) (16,) 
2025-11-21 13:02:41,930 - WARNING - Feature extraction error: operands could not be broadcast together with shapes (24,) (16,) 
2025-11-21 13:02:41,932 - WARNING - Feature extraction error: operands could not be broadcast together with shapes (24,) (16,) 
2025-11-21 13:02:42,277 - WARNING - Feature extraction error: operands could not be broadcast together with shapes (24,) (16,) 
2025-11-21 13:02:42,278 - WARNING - Feature extraction error: operands could not be broadcast together with shapes (24,) (16,) 
2025-11-21 13:02:42,632 - WARNING - Feature extraction error: operands could not be broadcast together with shapes (24,) (16,) 
2025-11-21 13:02:42,633 - WARNING - Feature extraction error: operands could not be broadcast together with shapes (24,) (16,) 
2025-11-21 13:02:42,979 - WARNING - Feature extraction error: operands could not be broadcast together with shapes (24,) (16,) 
2025-11-21 13:02:42,980 - WARNING - Feature extraction error: operands could not be broadcast together with shapes (24,) (16,) 
2025-11-21 13:02:43,337 - WARNING - Feature extraction error: operands could not be broadcast together with shapes (24,) (16,) 
2025-11-21 13:02:43,339 - WARNING - Feature extraction error: operands could not be broadcast together with shapes (24,) (16,) 
2025-11-21 13:02:43,686 - WARNING - Feature extraction error: operands could not be broadcast together with shapes (24,) (16,) 
2025-11-21 13:02:43,687 - WARNING - Feature extraction error: operands could not be broadcast together with shapes (24,) (16,) 
2025-11-21 13:02:44,049 - WARNING - Feature extraction error: operands could not be broadcast together with shapes (24,) (16,) 
2025-11-21 13:02:44,050 - WARNING - Feature extraction error: operands could not be broadcast together with shapes (24,) (16,) 
2025-11-21 13:02:44,399 - WARNING - Feature extraction error: operands could not be broadcast together with shapes (24,) (16,) 
2025-11-21 13:02:44,400 - WARNING - Feature extraction error: operands could not be broadcast together with shapes (24,) (16,) 
2025-11-21 13:02:44,763 - WARNING - Feature extraction error: operands could not be broadcast together with shapes (24,) (16,) 
2025-11-21 13:02:45,122 - WARNING - Feature extraction error: operands could not be broadcast together with shapes (24,) (16,) 
2025-11-21 13:02:45,497 - WARNING - Feature extraction error: operands could not be broadcast together with shapes (24,) (16,) 
2025-11-21 13:02:45,498 - WARNING - Feature extraction error: operands could not be broadcast together with shapes (24,) (16,) 
2025-11-21 13:02:45,845 - WARNING - Feature extraction error: operands could not be broadcast together with shapes (24,) (16,) 
2025-11-21 13:02:45,846 - WARNING - Feature extraction error: operands could not be broadcast together with shapes (24,) (16,) 
2025-11-21 13:02:46,190 - WARNING - Feature extraction error: operands could not be broadcast together with shapes (24,) (16,) 
2025-11-21 13:02:46,192 - WARNING - Feature extraction error: operands could not be broadcast together with shapes (24,) (16,) 
2025-11-21 13:02:46,548 - WARNING - Feature extraction error: operands could not be broadcast together with shapes (24,) (16,) 
2025-11-21 13:02:46,885 - WARNING - Feature extraction error: operands could not be broadcast together with shapes (24,) (16,) 
2025-11-21 13:02:47,239 - WARNING - Feature extraction error: operands could not be broadcast together with shapes (24,) (16,) 
2025-11-21 13:02:47,598 - WARNING - Feature extraction error: operands could not be broadcast together with shapes (24,) (16,) 
2025-11-21 13:02:47,942 - WARNING - Feature extraction error: operands could not be broadcast together with shapes (24,) (16,) 
2025-11-21 13:02:48,297 - WARNING - Feature extraction error: operands could not be broadcast together with shapes (24,) (16,) 
2025-11-21 13:02:48,667 - WARNING - Feature extraction error: operands could not be broadcast together with shapes (24,) (16,) 
2025-11-21 13:02:49,024 - WARNING - Feature extraction error: operands could not be broadcast together with shapes (24,) (16,) 
2025-11-21 13:02:49,388 - WARNING - Feature extraction error: operands could not be broadcast together with shapes (24,) (16,) 
2025-11-21 13:02:49,730 - WARNING - Feature extraction error: operands could not be broadcast together with shapes (24,) (16,) 
2025-11-21 13:02:50,760 - WARNING - Feature extraction error: operands could not be broadcast together with shapes (24,) (16,) 
2025-11-21 13:02:51,198 - WARNING - Feature extraction error: operands could not be broadcast together with shapes (24,) (16,) 
2025-11-21 13:02:51,637 - WARNING - Feature extraction error: operands could not be broadcast together with shapes (24,) (16,) 
2025-11-21 13:02:52,081 - WARNING - Feature extraction error: operands could not be broadcast together with shapes (24,) (16,) 
2025-11-21 13:02:52,528 - WARNING - Feature extraction error: operands could not be broadcast together with shapes (24,) (16,) 
2025-11-21 13:02:52,972 - WARNING - Feature extraction error: operands could not be broadcast together with shapes (24,) (16,) 
2025-11-21 13:02:53,401 - WARNING - Feature extraction error: operands could not be broadcast together with shapes (24,) (16,) 
2025-11-21 13:02:53,850 - WARNING - Feature extraction error: operands could not be broadcast together with shapes (24,) (16,) 
2025-11-21 13:02:54,280 - WARNING - Feature extraction error: operands could not be broadcast together with shapes (24,) (16,) 
2025-11-21 13:02:54,716 - WARNING - Feature extraction error: operands could not be broadcast together with shapes (24,) (16,) 
2025-11-21 13:02:55,174 - WARNING - Feature extraction error: operands could not be broadcast together with shapes (24,) (16,) 
2025-11-21 13:02:55,604 - WARNING - Feature extraction error: operands could not be broadcast together with shapes (24,) (16,) 
2025-11-21 13:02:56,054 - WARNING - Feature extraction error: operands could not be broadcast together with shapes (24,) (16,) 
2025-11-21 13:02:56,487 - WARNING - Feature extraction error: operands could not be broadcast together with shapes (24,) (16,) 
2025-11-21 13:02:56,927 - WARNING - Feature extraction error: operands could not be broadcast together with shapes (24,) (16,) 
2025-11-21 13:02:57,367 - WARNING - Feature extraction error: operands could not be broadcast together with shapes (24,) (16,) 
2025-11-21 13:02:57,816 - WARNING - Feature extraction error: operands could not be broadcast together with shapes (24,) (16,) 
2025-11-21 13:02:58,270 - WARNING - Feature extraction error: operands could not be broadcast together with shapes (24,) (16,) 
2025-11-21 13:02:58,711 - WARNING - Feature extraction error: operands could not be broadcast together with shapes (24,) (16,) 
2025-11-21 13:02:59,177 - WARNING - Feature extraction error: operands could not be broadcast together with shapes (24,) (16,) 
2025-11-21 13:02:59,612 - WARNING - Feature extraction error: operands could not be broadcast together with shapes (24,) (16,) 
2025-11-21 13:03:00,041 - WARNING - Feature extraction error: operands could not be broadcast together with shapes (24,) (16,) 
2025-11-21 13:03:00,470 - WARNING - Feature extraction error: operands could not be broadcast together with shapes (24,) (16,) 
2025-11-21 13:03:00,918 - WARNING - Feature extraction error: operands could not be broadcast together with shapes (24,) (16,) 
2025-11-21 13:03:01,359 - WARNING - Feature extraction error: operands could not be broadcast together with shapes (24,) (16,) 
2025-11-21 13:03:01,806 - WARNING - Feature extraction error: operands could not be broadcast together with shapes (24,) (16,) 
2025-11-21 13:03:02,250 - WARNING - Feature extraction error: operands could not be broadcast together with shapes (24,) (16,) 
2025-11-21 13:03:02,686 - WARNING - Feature extraction error: operands could not be broadcast together with shapes (24,) (16,) 
2025-11-21 13:03:03,121 - WARNING - Feature extraction error: operands could not be broadcast together with shapes (24,) (16,) 
2025-11-21 13:03:05,707 - WARNING - Feature extraction error: operands could not be broadcast together with shapes (24,) (16,) 
2025-11-21 13:03:06,155 - WARNING - Feature extraction error: operands could not be broadcast together with shapes (24,) (16,) 
2025-11-21 13:03:06,591 - WARNING - Feature extraction error: operands could not be broadcast together with shapes (24,) (16,) 
2025-11-21 13:03:07,030 - WARNING - Feature extraction error: operands could not be broadcast together with shapes (24,) (16,) 
2025-11-21 13:03:07,464 - WARNING - Feature extraction error: operands could not be broadcast together with shapes (24,) (16,) 
2025-11-21 13:03:07,894 - WARNING - Feature extraction error: operands could not be broadcast together with shapes (24,) (16,) 
2025-11-21 13:03:19,528 - WARNING - Feature extraction error: operands could not be broadcast together with shapes (24,) (16,) 
2025-11-21 13:03:19,892 - WARNING - Feature extraction error: operands could not be broadcast together with shapes (24,) (16,) 
2025-11-21 13:03:20,246 - WARNING - Feature extraction error: operands could not be broadcast together with shapes (24,) (16,) 
2025-11-21 13:03:20,591 - WARNING - Feature extraction error: operands could not be broadcast together with shapes (24,) (16,) 
2025-11-21 13:03:20,936 - WARNING - Feature extraction error: operands could not be broadcast together with shapes (24,) (16,) 
2025-11-21 13:03:25,523 - WARNING - Feature extraction error: operands could not be broadcast together with shapes (24,) (16,) 
2025-11-21 13:03:25,868 - WARNING - Feature extraction error: operands could not be broadcast together with shapes (24,) (16,) 
2025-11-21 13:03:26,227 - WARNING - Feature extraction error: operands could not be broadcast together with shapes (24,) (16,) 
2025-11-21 13:03:26,574 - WARNING - Feature extraction error: operands could not be broadcast together with shapes (24,) (16,) 
2025-11-21 13:03:26,918 - WARNING - Feature extraction error: operands could not be broadcast together with shapes (24,) (16,) 
2025-11-21 13:03:27,271 - WARNING - Feature extraction error: operands could not be broadcast together with shapes (24,) (16,) 
2025-11-21 13:03:27,629 - WARNING - Feature extraction error: operands could not be broadcast together with shapes (24,) (16,) 
2025-11-21 13:03:27,977 - WARNING - Feature extraction error: operands could not be broadcast together with shapes (24,) (16,) 
2025-11-21 13:03:28,328 - WARNING - Feature extraction error: operands could not be broadcast together with shapes (24,) (16,) 
2025-11-21 13:03:28,681 - WARNING - Feature extraction error: operands could not be broadcast together with shapes (24,) (16,) 
2025-11-21 13:03:29,038 - WARNING - Feature extraction error: operands could not be broadcast together with shapes (24,) (16,) 
2025-11-21 13:03:29,396 - WARNING - Feature extraction error: operands could not be broadcast together with shapes (24,) (16,) 
2025-11-21 13:03:29,743 - WARNING - Feature extraction error: operands could not be broadcast together with shapes (24,) (16,) 
2025-11-21 13:03:30,089 - WARNING - Feature extraction error: operands could not be broadcast together with shapes (24,) (16,) 
2025-11-21 13:03:30,440 - WARNING - Feature extraction error: operands could not be broadcast together with shapes (24,) (16,) 
2025-11-21 13:03:30,802 - WARNING - Feature extraction error: operands could not be broadcast together with shapes (24,) (16,) 
2025-11-21 13:03:31,161 - WARNING - Feature extraction error: operands could not be broadcast together with shapes (24,) (16,) 
2025-11-21 13:03:31,531 - WARNING - Feature extraction error: operands could not be broadcast together with shapes (24,) (16,) 
2025-11-21 13:03:31,891 - WARNING - Feature extraction error: operands could not be broadcast together with shapes (24,) (16,) 
2025-11-21 13:03:32,237 - WARNING - Feature extraction error: operands could not be broadcast together with shapes (24,) (16,) 
2025-11-21 13:03:32,603 - WARNING - Feature extraction error: operands could not be broadcast together with shapes (24,) (16,) 
2025-11-21 13:03:32,954 - WARNING - Feature extraction error: operands could not be broadcast together with shapes (24,) (16,) 
2025-11-21 13:03:33,310 - WARNING - Feature extraction error: operands could not be broadcast together with shapes (24,) (16,) 
2025-11-21 13:03:33,652 - WARNING - Feature extraction error: operands could not be broadcast together with shapes (24,) (16,) 
2025-11-21 13:03:34,001 - WARNING - Feature extraction error: operands could not be broadcast together with shapes (24,) (16,) 
2025-11-21 13:03:34,352 - WARNING - Feature extraction error: operands could not be broadcast together with shapes (24,) (16,) 
2025-11-21 13:03:34,713 - WARNING - Feature extraction error: operands could not be broadcast together with shapes (24,) (16,) 
2025-11-21 13:03:35,055 - WARNING - Feature extraction error: operands could not be broadcast together with shapes (24,) (16,) 
2025-11-21 13:03:35,399 - WARNING - Feature extraction error: operands could not be broadcast together with shapes (24,) (16,) 
2025-11-21 13:03:35,756 - WARNING - Feature extraction error: operands could not be broadcast together with shapes (24,) (16,) 
2025-11-21 13:03:36,114 - WARNING - Feature extraction error: operands could not be broadcast together with shapes (24,) (16,) 
2025-11-21 13:03:36,454 - WARNING - Feature extraction error: operands could not be broadcast together with shapes (24,) (16,) 
2025-11-21 13:03:36,818 - WARNING - Feature extraction error: operands could not be broadcast together with shapes (24,) (16,) 
2025-11-21 13:03:37,162 - WARNING - Feature extraction error: operands could not be broadcast together with shapes (24,) (16,) 
2025-11-21 13:03:45,350 - WARNING - Tracking initialized for 1 targets (Pose Buffer: 12 frames).
2025-11-21 13:05:19,760 - WARNING - Initiating graceful shutdown...
2025-11-21 13:05:20,236 - WARNING - Shutdown complete
